<?xml version="1.0" encoding="UTF-8"?>
<testsuites name="TS10" time="19.988" tests="1" failures="0" errors="0">
   <testsuite name="TS10" tests="1" failures="0" errors="0" time="19.988" skipped="0" timestamp="24-07-2024T12:31:46" hostname="1331 - LAPTOP-LAHGLE5C" id="Test Suites/WEBTEST/TS10">
      <properties>
         <property name="deviceName" value=""/>
         <property name="devicePlatform"/>
         <property name="logFolder" value="C:\\Users\\1331\\GIT\\Kuy-Katalon-V2\\Reports\\20240724_123137\\WEBTEST\\TS10\\20240724_123138"/>
         <property name="logFiles" value="C:\\Users\\1331\\GIT\\Kuy-Katalon-V2\\Reports\\20240724_123137\\WEBTEST\\TS10\\20240724_123138\\execution0.log"/>
         <property name="attachments" value="keyes\keyes-First Page Wikipedia.png, keyes\keyes-Second Page Wikipedia.png"/>
         <property name="hostName" value="1331 - LAPTOP-LAHGLE5C"/>
         <property name="os" value="Windows 11 64bit"/>
         <property name="katalonVersion" value="9.5.0.217"/>
         <property name="browser" value="Chrome 126.0.0.0"/>
         <property name="hostAddress" value="10.2.0.2"/>
         <property name="sessionId" value="5766b19d36ff14f11f602a827b7ae9ad"/>
         <property name="seleniumVersion" value="3.141.59"/>
         <property name="proxyInformation" value="ProxyInformation { proxyOption=NO_PROXY, proxyServerType=HTTP, username=, password=********, proxyServerAddress=, proxyServerPort=0, executionList=&quot;&quot;, isApplyToDesiredCapabilities=true }"/>
         <property name="platform" value="Windows 11"/>
      </properties>
      <testcase name="Test Cases/WebTest/TC10" time="19.837" classname="Test Cases/WebTest/TC10" status="PASSED">
         <system-out><![CDATA[24-07-2024T12:31:46 - [TEST_CASE][PASSED] - Test Cases/WebTest/TC10: Test Cases/WebTest/TC10

24-07-2024T12:31:46 - [TEST_STEP][PASSED] - openBrowser("www.wikipedia.org"): Browser is opened with url: 'www.wikipedia.org'

24-07-2024T12:31:46 - [MESSAGE][INFO] - Starting 'Chrome' driver

24-07-2024T12:31:47 - [MESSAGE][INFO] - Action delay is set to 0 milliseconds

24-07-2024T12:31:49 - [MESSAGE][PASSED] - Browser is opened with url: 'www.wikipedia.org'

24-07-2024T12:31:49 - [TEST_STEP][PASSED] - maximizeWindow(): Current window maximized

24-07-2024T12:31:49 - [MESSAGE][PASSED] - Current window maximized

24-07-2024T12:31:49 - [TEST_STEP][PASSED] - click(findTestObject("Page_Wikipedia/button_English")): Object: 'Object Repository/Page_Wikipedia/button_English' is clicked on

24-07-2024T12:31:52 - [MESSAGE][PASSED] - Object: 'Object Repository/Page_Wikipedia/button_English' is clicked on

24-07-2024T12:31:52 - [TEST_STEP][PASSED] - waitForElementPresent(findTestObject("Page_Wikipedia/icon_Search"), 0): Object 'Object Repository/Page_Wikipedia/icon_Search' is present

24-07-2024T12:31:52 - [MESSAGE][WARNING] - Timeout '0' is invalid. Using default page load timeout: '30'

24-07-2024T12:31:53 - [MESSAGE][PASSED] - Object 'Object Repository/Page_Wikipedia/icon_Search' is present

24-07-2024T12:31:53 - [TEST_STEP][PASSED] - delay(0): Delayed 0 second(s)

24-07-2024T12:31:53 - [MESSAGE][PASSED] - Delayed 0 second(s)

24-07-2024T12:31:53 - [TEST_STEP][PASSED] - takeScreenshotAsCheckpoint("First Page Wikipedia"): Taking screenshot successfully

24-07-2024T12:31:54 - [MESSAGE][INFO] - 0 hidden object(s)

24-07-2024T12:31:54 - [MESSAGE][PASSED] - Taking screenshot successfully
[[ATTACHMENT|keyes\keyes-First Page Wikipedia.png]]

24-07-2024T12:31:54 - [TEST_STEP][PASSED] - setText(findTestObject("Page_Wikipedia/input_Search"), "Tom Holland"): Text 'Tom Holland' is set on object 'Object Repository/Page_Wikipedia/input_Search'

24-07-2024T12:31:54 - [MESSAGE][PASSED] - Text 'Tom Holland' is set on object 'Object Repository/Page_Wikipedia/input_Search'

24-07-2024T12:31:54 - [TEST_STEP][PASSED] - sendKeys(findTestObject("Page_Wikipedia/input_Search"), Keys.chord(ENTER)): Keys 'ENTER + ' sent to object: 'Object Repository/Page_Wikipedia/input_Search'

24-07-2024T12:32:00 - [MESSAGE][PASSED] - Keys 'ENTER + ' sent to object: 'Object Repository/Page_Wikipedia/input_Search'

24-07-2024T12:32:00 - [TEST_STEP][PASSED] - delay(5, STOP_ON_FAILURE): Delayed 5 second(s)

24-07-2024T12:32:05 - [MESSAGE][PASSED] - Delayed 5 second(s)

24-07-2024T12:32:05 - [TEST_STEP][PASSED] - takeScreenshotAsCheckpoint("Second Page Wikipedia"): Taking screenshot successfully

24-07-2024T12:32:06 - [MESSAGE][INFO] - 0 hidden object(s)

24-07-2024T12:32:06 - [MESSAGE][PASSED] - Taking screenshot successfully
[[ATTACHMENT|keyes\keyes-Second Page Wikipedia.png]]

24-07-2024T12:32:06 - [TEST_STEP][PASSED] - closeBrowser(): Browser is closed

24-07-2024T12:32:06 - [MESSAGE][PASSED] - Browser is closed]]></system-out>
         <system-err><![CDATA[]]></system-err>
      </testcase>
      <system-out><![CDATA[24-07-2024T12:31:46 - [TEST_SUITE][PASSED] - TS10: Test Cases/WebTest/TC10]]></system-out>
      <system-err><![CDATA[]]></system-err>
   </testsuite>
</testsuites>
