<?xml version="1.0" encoding="UTF-8"?>
<testsuites name="TSC1-WebSimple" time="52.146" tests="2" failures="0" errors="0">
   <testsuite name="TS01" tests="1" failures="0" errors="0" time="15.032" skipped="0" timestamp="17-07-2024T14:38:56" hostname="1331 - LAPTOP-LAHGLE5C" id="Test Suites/WEBTEST/TS01">
      <properties>
         <property name="deviceName" value=""/>
         <property name="devicePlatform"/>
         <property name="logFolder" value="C:\\Users\\1331\\GIT\\Kuy-Katalon-V2\\Reports\\20240717_143726\\WEBTEST\\TS01\\20240717_143744"/>
         <property name="logFiles" value="C:\\Users\\1331\\GIT\\Kuy-Katalon-V2\\Reports\\20240717_143726\\WEBTEST\\TS01\\20240717_143744\\execution0.log"/>
         <property name="attachments" value="keyes\keyes-First Page Wikipedia.png, keyes\keyes-Second Page Wikipedia.png"/>
         <property name="hostName" value="1331 - LAPTOP-LAHGLE5C"/>
         <property name="os" value="Windows 11 64bit"/>
         <property name="katalonVersion" value="9.5.0.217"/>
         <property name="browser" value="Chrome 126.0.0.0"/>
         <property name="hostAddress" value="192.168.56.2"/>
         <property name="sessionId" value="b15862fd8def3c597d021e652c49f961"/>
         <property name="seleniumVersion" value="3.141.59"/>
         <property name="proxyInformation" value="ProxyInformation { proxyOption=NO_PROXY, proxyServerType=HTTP, username=, password=********, proxyServerAddress=, proxyServerPort=0, executionList=&quot;&quot;, isApplyToDesiredCapabilities=true }"/>
         <property name="platform" value="Windows 11"/>
      </properties>
      <testcase name="Test Cases/WebTest/TC01" time="14.879" classname="Test Cases/WebTest/TC01" status="PASSED">
         <system-out><![CDATA[17-07-2024T14:38:56 - [TEST_CASE][PASSED] - Test Cases/WebTest/TC01: Test Cases/WebTest/TC01

17-07-2024T14:38:56 - [TEST_STEP][PASSED] - openBrowser("www.wikipedia.org"): Browser is opened with url: 'www.wikipedia.org'

17-07-2024T14:38:57 - [MESSAGE][INFO] - Starting 'Chrome' driver

17-07-2024T14:38:57 - [MESSAGE][INFO] - Action delay is set to 0 milliseconds

17-07-2024T14:38:59 - [MESSAGE][PASSED] - Browser is opened with url: 'www.wikipedia.org'

17-07-2024T14:38:59 - [TEST_STEP][PASSED] - maximizeWindow(): Current window maximized

17-07-2024T14:39:00 - [MESSAGE][PASSED] - Current window maximized

17-07-2024T14:39:00 - [TEST_STEP][PASSED] - click(findTestObject("Page_Wikipedia/button_English")): Object: 'Object Repository/Page_Wikipedia/button_English' is clicked on

17-07-2024T14:39:02 - [MESSAGE][PASSED] - Object: 'Object Repository/Page_Wikipedia/button_English' is clicked on

17-07-2024T14:39:02 - [TEST_STEP][PASSED] - waitForElementPresent(findTestObject("Page_Wikipedia/icon_Search"), 0): Object 'Object Repository/Page_Wikipedia/icon_Search' is present

17-07-2024T14:39:02 - [MESSAGE][WARNING] - Timeout '0' is invalid. Using default page load timeout: '30'

17-07-2024T14:39:02 - [MESSAGE][PASSED] - Object 'Object Repository/Page_Wikipedia/icon_Search' is present

17-07-2024T14:39:02 - [TEST_STEP][PASSED] - delay(0): Delayed 0 second(s)

17-07-2024T14:39:02 - [MESSAGE][PASSED] - Delayed 0 second(s)

17-07-2024T14:39:02 - [TEST_STEP][PASSED] - takeScreenshotAsCheckpoint("First Page Wikipedia"): Taking screenshot successfully

17-07-2024T14:39:03 - [MESSAGE][INFO] - 0 hidden object(s)

17-07-2024T14:39:03 - [MESSAGE][PASSED] - Taking screenshot successfully
[[ATTACHMENT|keyes\keyes-First Page Wikipedia.png]]

17-07-2024T14:39:03 - [TEST_STEP][PASSED] - setText(findTestObject("Page_Wikipedia/input_Search"), SearchWikiWeb): Text 'Robert Downey Jr.' is set on object 'Object Repository/Page_Wikipedia/input_Search'

17-07-2024T14:39:03 - [MESSAGE][PASSED] - Text 'Robert Downey Jr.' is set on object 'Object Repository/Page_Wikipedia/input_Search'

17-07-2024T14:39:03 - [TEST_STEP][PASSED] - sendKeys(findTestObject("Page_Wikipedia/input_Search"), Keys.chord(ENTER)): Keys 'ENTER + ' sent to object: 'Object Repository/Page_Wikipedia/input_Search'

17-07-2024T14:39:05 - [MESSAGE][PASSED] - Keys 'ENTER + ' sent to object: 'Object Repository/Page_Wikipedia/input_Search'

17-07-2024T14:39:05 - [TEST_STEP][PASSED] - delay(5, STOP_ON_FAILURE): Delayed 5 second(s)

17-07-2024T14:39:10 - [MESSAGE][PASSED] - Delayed 5 second(s)

17-07-2024T14:39:10 - [TEST_STEP][PASSED] - takeScreenshotAsCheckpoint("Second Page Wikipedia"): Taking screenshot successfully

17-07-2024T14:39:11 - [MESSAGE][INFO] - 0 hidden object(s)

17-07-2024T14:39:11 - [MESSAGE][PASSED] - Taking screenshot successfully
[[ATTACHMENT|keyes\keyes-Second Page Wikipedia.png]]

17-07-2024T14:39:11 - [TEST_STEP][PASSED] - closeBrowser(): Browser is closed

17-07-2024T14:39:11 - [MESSAGE][PASSED] - Browser is closed]]></system-out>
         <system-err><![CDATA[]]></system-err>
      </testcase>
      <system-out><![CDATA[17-07-2024T14:38:56 - [TEST_SUITE][PASSED] - TS01: Test Cases/WebTest/TC01]]></system-out>
      <system-err><![CDATA[]]></system-err>
   </testsuite>
   <testsuite name="TS02" tests="1" failures="0" errors="0" time="13.994" skipped="0" timestamp="17-07-2024T14:39:23" hostname="1331 - LAPTOP-LAHGLE5C" id="Test Suites/WEBTEST/TS02">
      <properties>
         <property name="deviceName" value=""/>
         <property name="devicePlatform"/>
         <property name="logFolder" value="C:\\Users\\1331\\GIT\\Kuy-Katalon-V2\\Reports\\20240717_143726\\WEBTEST\\TS02\\20240717_143817"/>
         <property name="logFiles" value="C:\\Users\\1331\\GIT\\Kuy-Katalon-V2\\Reports\\20240717_143726\\WEBTEST\\TS02\\20240717_143817\\execution0.log"/>
         <property name="attachments" value="keyes\keyes-First Page Wikipedia.png, keyes\keyes-Second Page Wikipedia.png"/>
         <property name="hostName" value="1331 - LAPTOP-LAHGLE5C"/>
         <property name="os" value="Windows 11 64bit"/>
         <property name="katalonVersion" value="9.5.0.217"/>
         <property name="browser" value="Chrome 126.0.0.0"/>
         <property name="hostAddress" value="192.168.56.2"/>
         <property name="sessionId" value="c4236e53c4d85d3d744bb459aeabbeb7"/>
         <property name="seleniumVersion" value="3.141.59"/>
         <property name="proxyInformation" value="ProxyInformation { proxyOption=NO_PROXY, proxyServerType=HTTP, username=, password=********, proxyServerAddress=, proxyServerPort=0, executionList=&quot;&quot;, isApplyToDesiredCapabilities=true }"/>
         <property name="platform" value="Windows 11"/>
      </properties>
      <testcase name="Test Cases/WebTest/TC02" time="13.86" classname="Test Cases/WebTest/TC02" status="PASSED">
         <system-out><![CDATA[17-07-2024T14:39:23 - [TEST_CASE][PASSED] - Test Cases/WebTest/TC02: Test Cases/WebTest/TC02

17-07-2024T14:39:23 - [TEST_STEP][PASSED] - openBrowser("www.wikipedia.org"): Browser is opened with url: 'www.wikipedia.org'

17-07-2024T14:39:24 - [MESSAGE][INFO] - Starting 'Chrome' driver

17-07-2024T14:39:24 - [MESSAGE][INFO] - Action delay is set to 0 milliseconds

17-07-2024T14:39:27 - [MESSAGE][PASSED] - Browser is opened with url: 'www.wikipedia.org'

17-07-2024T14:39:27 - [TEST_STEP][PASSED] - maximizeWindow(): Current window maximized

17-07-2024T14:39:27 - [MESSAGE][PASSED] - Current window maximized

17-07-2024T14:39:27 - [TEST_STEP][PASSED] - click(findTestObject("Page_Wikipedia/button_English")): Object: 'Object Repository/Page_Wikipedia/button_English' is clicked on

17-07-2024T14:39:28 - [MESSAGE][PASSED] - Object: 'Object Repository/Page_Wikipedia/button_English' is clicked on

17-07-2024T14:39:28 - [TEST_STEP][PASSED] - waitForElementPresent(findTestObject("Page_Wikipedia/icon_Search"), 0): Object 'Object Repository/Page_Wikipedia/icon_Search' is present

17-07-2024T14:39:28 - [MESSAGE][WARNING] - Timeout '0' is invalid. Using default page load timeout: '30'

17-07-2024T14:39:28 - [MESSAGE][PASSED] - Object 'Object Repository/Page_Wikipedia/icon_Search' is present

17-07-2024T14:39:28 - [TEST_STEP][PASSED] - delay(0): Delayed 0 second(s)

17-07-2024T14:39:28 - [MESSAGE][PASSED] - Delayed 0 second(s)

17-07-2024T14:39:28 - [TEST_STEP][PASSED] - takeScreenshotAsCheckpoint("First Page Wikipedia"): Taking screenshot successfully

17-07-2024T14:39:29 - [MESSAGE][INFO] - 0 hidden object(s)

17-07-2024T14:39:29 - [MESSAGE][PASSED] - Taking screenshot successfully
[[ATTACHMENT|keyes\keyes-First Page Wikipedia.png]]

17-07-2024T14:39:29 - [TEST_STEP][PASSED] - setText(findTestObject("Page_Wikipedia/input_Search"), SearchWikiWeb): Text 'Chris Hemsworth' is set on object 'Object Repository/Page_Wikipedia/input_Search'

17-07-2024T14:39:30 - [MESSAGE][PASSED] - Text 'Chris Hemsworth' is set on object 'Object Repository/Page_Wikipedia/input_Search'

17-07-2024T14:39:30 - [TEST_STEP][PASSED] - sendKeys(findTestObject("Page_Wikipedia/input_Search"), Keys.chord(ENTER)): Keys 'ENTER + ' sent to object: 'Object Repository/Page_Wikipedia/input_Search'

17-07-2024T14:39:31 - [MESSAGE][PASSED] - Keys 'ENTER + ' sent to object: 'Object Repository/Page_Wikipedia/input_Search'

17-07-2024T14:39:31 - [TEST_STEP][PASSED] - delay(5, STOP_ON_FAILURE): Delayed 5 second(s)

17-07-2024T14:39:36 - [MESSAGE][PASSED] - Delayed 5 second(s)

17-07-2024T14:39:36 - [TEST_STEP][PASSED] - takeScreenshotAsCheckpoint("Second Page Wikipedia"): Taking screenshot successfully

17-07-2024T14:39:37 - [MESSAGE][INFO] - 0 hidden object(s)

17-07-2024T14:39:37 - [MESSAGE][PASSED] - Taking screenshot successfully
[[ATTACHMENT|keyes\keyes-Second Page Wikipedia.png]]

17-07-2024T14:39:37 - [TEST_STEP][PASSED] - closeBrowser(): Browser is closed

17-07-2024T14:39:37 - [MESSAGE][PASSED] - Browser is closed]]></system-out>
         <system-err><![CDATA[]]></system-err>
      </testcase>
      <system-out><![CDATA[17-07-2024T14:39:23 - [TEST_SUITE][PASSED] - TS02: Test Cases/WebTest/TC02]]></system-out>
      <system-err><![CDATA[]]></system-err>
   </testsuite>
</testsuites>
