<?xml version="1.0" encoding="UTF-8"?>
<testsuites name="TS03" time="13.864" tests="1" failures="0" errors="0">
   <testsuite name="TS03" tests="1" failures="0" errors="0" time="13.864" skipped="0" timestamp="17-07-2024T15:21:16" hostname="1331 - LAPTOP-LAHGLE5C" id="Test Suites/WEBTEST/TS03">
      <properties>
         <property name="deviceName" value=""/>
         <property name="devicePlatform"/>
         <property name="logFolder" value="C:\\Users\\1331\\GIT\\Kuy-Katalon-V2\\Reports\\20240717_152028\\WEBTEST\\TS03\\20240717_152056"/>
         <property name="logFiles" value="C:\\Users\\1331\\GIT\\Kuy-Katalon-V2\\Reports\\20240717_152028\\WEBTEST\\TS03\\20240717_152056\\execution0.log"/>
         <property name="attachments" value="keyes\keyes-First Page Wikipedia.png, keyes\keyes-Second Page Wikipedia.png"/>
         <property name="hostName" value="1331 - LAPTOP-LAHGLE5C"/>
         <property name="os" value="Windows 11 64bit"/>
         <property name="katalonVersion" value="9.6.0.217"/>
         <property name="browser" value="Chrome 126.0.0.0"/>
         <property name="hostAddress" value="192.168.56.2"/>
         <property name="sessionId" value="87f0a0bef395c927f3bf4545691c270b"/>
         <property name="seleniumVersion" value="3.141.59"/>
         <property name="proxyInformation" value="ProxyInformation { proxyOption=NO_PROXY, proxyServerType=HTTP, username=, password=********, proxyServerAddress=, proxyServerPort=0, executionList=&quot;&quot;, isApplyToDesiredCapabilities=true }"/>
         <property name="platform" value="Windows 11"/>
      </properties>
      <testcase name="Test Cases/WebTest/TC03" time="13.74" classname="Test Cases/WebTest/TC03" status="PASSED">
         <system-out><![CDATA[17-07-2024T15:21:17 - [TEST_CASE][PASSED] - Test Cases/WebTest/TC03: Test Cases/WebTest/TC03

17-07-2024T15:21:17 - [TEST_STEP][PASSED] - openBrowser("www.wikipedia.org"): Browser is opened with url: 'www.wikipedia.org'

17-07-2024T15:21:17 - [MESSAGE][INFO] - Starting 'Chrome' driver

17-07-2024T15:21:17 - [MESSAGE][INFO] - Action delay is set to 0 milliseconds

17-07-2024T15:21:20 - [MESSAGE][PASSED] - Browser is opened with url: 'www.wikipedia.org'

17-07-2024T15:21:20 - [TEST_STEP][PASSED] - maximizeWindow(): Current window maximized

17-07-2024T15:21:20 - [MESSAGE][PASSED] - Current window maximized

17-07-2024T15:21:20 - [TEST_STEP][PASSED] - click(findTestObject("Page_Wikipedia/button_English")): Object: 'Object Repository/Page_Wikipedia/button_English' is clicked on

17-07-2024T15:21:21 - [MESSAGE][PASSED] - Object: 'Object Repository/Page_Wikipedia/button_English' is clicked on

17-07-2024T15:21:21 - [TEST_STEP][PASSED] - waitForElementPresent(findTestObject("Page_Wikipedia/icon_Search"), 0): Object 'Object Repository/Page_Wikipedia/icon_Search' is present

17-07-2024T15:21:21 - [MESSAGE][WARNING] - Timeout '0' is invalid. Using default page load timeout: '30'

17-07-2024T15:21:22 - [MESSAGE][PASSED] - Object 'Object Repository/Page_Wikipedia/icon_Search' is present

17-07-2024T15:21:22 - [TEST_STEP][PASSED] - delay(0): Delayed 0 second(s)

17-07-2024T15:21:22 - [MESSAGE][PASSED] - Delayed 0 second(s)

17-07-2024T15:21:22 - [TEST_STEP][PASSED] - takeScreenshotAsCheckpoint("First Page Wikipedia"): Taking screenshot successfully

17-07-2024T15:21:22 - [MESSAGE][INFO] - 0 hidden object(s)

17-07-2024T15:21:22 - [MESSAGE][PASSED] - Taking screenshot successfully
[[ATTACHMENT|keyes\keyes-First Page Wikipedia.png]]

17-07-2024T15:21:22 - [TEST_STEP][PASSED] - setText(findTestObject("Page_Wikipedia/input_Search"), SearchWikiWeb): Text 'Kate Middleton' is set on object 'Object Repository/Page_Wikipedia/input_Search'

17-07-2024T15:21:23 - [MESSAGE][PASSED] - Text 'Kate Middleton' is set on object 'Object Repository/Page_Wikipedia/input_Search'

17-07-2024T15:21:23 - [TEST_STEP][PASSED] - sendKeys(findTestObject("Page_Wikipedia/input_Search"), Keys.chord(ENTER)): Keys 'ENTER + ' sent to object: 'Object Repository/Page_Wikipedia/input_Search'

17-07-2024T15:21:25 - [MESSAGE][PASSED] - Keys 'ENTER + ' sent to object: 'Object Repository/Page_Wikipedia/input_Search'

17-07-2024T15:21:25 - [TEST_STEP][PASSED] - delay(5, STOP_ON_FAILURE): Delayed 5 second(s)

17-07-2024T15:21:30 - [MESSAGE][PASSED] - Delayed 5 second(s)

17-07-2024T15:21:30 - [TEST_STEP][PASSED] - takeScreenshotAsCheckpoint("Second Page Wikipedia"): Taking screenshot successfully

17-07-2024T15:21:30 - [MESSAGE][INFO] - 0 hidden object(s)

17-07-2024T15:21:30 - [MESSAGE][PASSED] - Taking screenshot successfully
[[ATTACHMENT|keyes\keyes-Second Page Wikipedia.png]]

17-07-2024T15:21:30 - [TEST_STEP][PASSED] - closeBrowser(): Browser is closed

17-07-2024T15:21:30 - [MESSAGE][PASSED] - Browser is closed]]></system-out>
         <system-err><![CDATA[]]></system-err>
      </testcase>
      <system-out><![CDATA[17-07-2024T15:21:16 - [TEST_SUITE][PASSED] - TS03: Test Cases/WebTest/TC03]]></system-out>
      <system-err><![CDATA[]]></system-err>
   </testsuite>
</testsuites>
