<?xml version="1.0" encoding="UTF-8"?>
<testsuites name="TSC1-WebSimple" time="56.665" tests="2" failures="0" errors="0">
   <testsuite name="TS01" tests="1" failures="0" errors="0" time="16.248" skipped="0" timestamp="17-07-2024T14:28:36" hostname="1331 - LAPTOP-LAHGLE5C" id="Test Suites/WEBTEST/TS01">
      <properties>
         <property name="deviceName" value=""/>
         <property name="devicePlatform"/>
         <property name="logFolder" value="C:\\Users\\1331\\GIT\\Kuy-Katalon-V2\\Reports\\20240717_142705\\WEBTEST\\TS01\\20240717_142722"/>
         <property name="logFiles" value="C:\\Users\\1331\\GIT\\Kuy-Katalon-V2\\Reports\\20240717_142705\\WEBTEST\\TS01\\20240717_142722\\execution0.log"/>
         <property name="attachments" value="keyes\keyes-First Page Wikipedia.png, keyes\keyes-Second Page Wikipedia.png"/>
         <property name="hostName" value="1331 - LAPTOP-LAHGLE5C"/>
         <property name="os" value="Windows 11 64bit"/>
         <property name="katalonVersion" value="9.5.0.217"/>
         <property name="browser" value="Chrome 126.0.0.0"/>
         <property name="hostAddress" value="192.168.56.2"/>
         <property name="sessionId" value="00243d14f30bc3fdba18bc7702857e38"/>
         <property name="seleniumVersion" value="3.141.59"/>
         <property name="proxyInformation" value="ProxyInformation { proxyOption=NO_PROXY, proxyServerType=HTTP, username=, password=********, proxyServerAddress=, proxyServerPort=0, executionList=&quot;&quot;, isApplyToDesiredCapabilities=true }"/>
         <property name="platform" value="Windows 11"/>
      </properties>
      <testcase name="Test Cases/WebTest/TC01" time="16.038" classname="Test Cases/WebTest/TC01" status="PASSED">
         <system-out><![CDATA[17-07-2024T14:28:37 - [TEST_CASE][PASSED] - Test Cases/WebTest/TC01: Test Cases/WebTest/TC01

17-07-2024T14:28:37 - [TEST_STEP][PASSED] - openBrowser("www.wikipedia.org"): Browser is opened with url: 'www.wikipedia.org'

17-07-2024T14:28:38 - [MESSAGE][INFO] - Starting 'Chrome' driver

17-07-2024T14:28:38 - [MESSAGE][INFO] - Action delay is set to 0 milliseconds

17-07-2024T14:28:41 - [MESSAGE][PASSED] - Browser is opened with url: 'www.wikipedia.org'

17-07-2024T14:28:41 - [TEST_STEP][PASSED] - maximizeWindow(): Current window maximized

17-07-2024T14:28:41 - [MESSAGE][PASSED] - Current window maximized

17-07-2024T14:28:41 - [TEST_STEP][PASSED] - click(findTestObject("Page_Wikipedia/button_English")): Object: 'Object Repository/Page_Wikipedia/button_English' is clicked on

17-07-2024T14:28:42 - [MESSAGE][PASSED] - Object: 'Object Repository/Page_Wikipedia/button_English' is clicked on

17-07-2024T14:28:42 - [TEST_STEP][PASSED] - waitForElementPresent(findTestObject("Page_Wikipedia/icon_Search"), 0): Object 'Object Repository/Page_Wikipedia/icon_Search' is present

17-07-2024T14:28:42 - [MESSAGE][WARNING] - Timeout '0' is invalid. Using default page load timeout: '30'

17-07-2024T14:28:43 - [MESSAGE][PASSED] - Object 'Object Repository/Page_Wikipedia/icon_Search' is present

17-07-2024T14:28:43 - [TEST_STEP][PASSED] - delay(0): Delayed 0 second(s)

17-07-2024T14:28:43 - [MESSAGE][PASSED] - Delayed 0 second(s)

17-07-2024T14:28:43 - [TEST_STEP][PASSED] - takeScreenshotAsCheckpoint("First Page Wikipedia"): Taking screenshot successfully

17-07-2024T14:28:44 - [MESSAGE][INFO] - 0 hidden object(s)

17-07-2024T14:28:44 - [MESSAGE][PASSED] - Taking screenshot successfully
[[ATTACHMENT|keyes\keyes-First Page Wikipedia.png]]

17-07-2024T14:28:44 - [TEST_STEP][PASSED] - setText(findTestObject("Page_Wikipedia/input_Search"), SearchWikiWeb): Text 'Robert Downey Jr.' is set on object 'Object Repository/Page_Wikipedia/input_Search'

17-07-2024T14:28:45 - [MESSAGE][PASSED] - Text 'Robert Downey Jr.' is set on object 'Object Repository/Page_Wikipedia/input_Search'

17-07-2024T14:28:45 - [TEST_STEP][PASSED] - sendKeys(findTestObject("Page_Wikipedia/input_Search"), Keys.chord(ENTER)): Keys 'ENTER + ' sent to object: 'Object Repository/Page_Wikipedia/input_Search'

17-07-2024T14:28:47 - [MESSAGE][PASSED] - Keys 'ENTER + ' sent to object: 'Object Repository/Page_Wikipedia/input_Search'

17-07-2024T14:28:47 - [TEST_STEP][PASSED] - delay(5, STOP_ON_FAILURE): Delayed 5 second(s)

17-07-2024T14:28:52 - [MESSAGE][PASSED] - Delayed 5 second(s)

17-07-2024T14:28:52 - [TEST_STEP][PASSED] - takeScreenshotAsCheckpoint("Second Page Wikipedia"): Taking screenshot successfully

17-07-2024T14:28:52 - [MESSAGE][INFO] - 0 hidden object(s)

17-07-2024T14:28:52 - [MESSAGE][PASSED] - Taking screenshot successfully
[[ATTACHMENT|keyes\keyes-Second Page Wikipedia.png]]

17-07-2024T14:28:52 - [TEST_STEP][PASSED] - closeBrowser(): Browser is closed

17-07-2024T14:28:53 - [MESSAGE][PASSED] - Browser is closed]]></system-out>
         <system-err><![CDATA[]]></system-err>
      </testcase>
      <system-out><![CDATA[17-07-2024T14:28:36 - [TEST_SUITE][PASSED] - TS01: Test Cases/WebTest/TC01]]></system-out>
      <system-err><![CDATA[]]></system-err>
   </testsuite>
   <testsuite name="TS02" tests="1" failures="0" errors="0" time="16.182" skipped="0" timestamp="17-07-2024T14:29:06" hostname="1331 - LAPTOP-LAHGLE5C" id="Test Suites/WEBTEST/TS02">
      <properties>
         <property name="deviceName" value=""/>
         <property name="devicePlatform"/>
         <property name="logFolder" value="C:\\Users\\1331\\GIT\\Kuy-Katalon-V2\\Reports\\20240717_142705\\WEBTEST\\TS02\\20240717_142755"/>
         <property name="logFiles" value="C:\\Users\\1331\\GIT\\Kuy-Katalon-V2\\Reports\\20240717_142705\\WEBTEST\\TS02\\20240717_142755\\execution0.log"/>
         <property name="attachments" value="keyes\keyes-First Page Wikipedia.png, keyes\keyes-Second Page Wikipedia.png"/>
         <property name="hostName" value="1331 - LAPTOP-LAHGLE5C"/>
         <property name="os" value="Windows 11 64bit"/>
         <property name="katalonVersion" value="9.5.0.217"/>
         <property name="browser" value="Chrome 126.0.0.0"/>
         <property name="hostAddress" value="192.168.56.2"/>
         <property name="sessionId" value="eeb56f2ba6d09853b2614c6d20d63b00"/>
         <property name="seleniumVersion" value="3.141.59"/>
         <property name="proxyInformation" value="ProxyInformation { proxyOption=NO_PROXY, proxyServerType=HTTP, username=, password=********, proxyServerAddress=, proxyServerPort=0, executionList=&quot;&quot;, isApplyToDesiredCapabilities=true }"/>
         <property name="platform" value="Windows 11"/>
      </properties>
      <testcase name="Test Cases/WebTest/TC02" time="15.959" classname="Test Cases/WebTest/TC02" status="PASSED">
         <system-out><![CDATA[17-07-2024T14:29:07 - [TEST_CASE][PASSED] - Test Cases/WebTest/TC02: Test Cases/WebTest/TC02

17-07-2024T14:29:07 - [TEST_STEP][PASSED] - openBrowser("www.wikipedia.org"): Browser is opened with url: 'www.wikipedia.org'

17-07-2024T14:29:08 - [MESSAGE][INFO] - Starting 'Chrome' driver

17-07-2024T14:29:08 - [MESSAGE][INFO] - Action delay is set to 0 milliseconds

17-07-2024T14:29:11 - [MESSAGE][PASSED] - Browser is opened with url: 'www.wikipedia.org'

17-07-2024T14:29:11 - [TEST_STEP][PASSED] - maximizeWindow(): Current window maximized

17-07-2024T14:29:11 - [MESSAGE][PASSED] - Current window maximized

17-07-2024T14:29:11 - [TEST_STEP][PASSED] - click(findTestObject("Page_Wikipedia/button_English")): Object: 'Object Repository/Page_Wikipedia/button_English' is clicked on

17-07-2024T14:29:13 - [MESSAGE][PASSED] - Object: 'Object Repository/Page_Wikipedia/button_English' is clicked on

17-07-2024T14:29:13 - [TEST_STEP][PASSED] - waitForElementPresent(findTestObject("Page_Wikipedia/icon_Search"), 0): Object 'Object Repository/Page_Wikipedia/icon_Search' is present

17-07-2024T14:29:13 - [MESSAGE][WARNING] - Timeout '0' is invalid. Using default page load timeout: '30'

17-07-2024T14:29:13 - [MESSAGE][PASSED] - Object 'Object Repository/Page_Wikipedia/icon_Search' is present

17-07-2024T14:29:13 - [TEST_STEP][PASSED] - delay(0): Delayed 0 second(s)

17-07-2024T14:29:13 - [MESSAGE][PASSED] - Delayed 0 second(s)

17-07-2024T14:29:13 - [TEST_STEP][PASSED] - takeScreenshotAsCheckpoint("First Page Wikipedia"): Taking screenshot successfully

17-07-2024T14:29:14 - [MESSAGE][INFO] - 0 hidden object(s)

17-07-2024T14:29:14 - [MESSAGE][PASSED] - Taking screenshot successfully
[[ATTACHMENT|keyes\keyes-First Page Wikipedia.png]]

17-07-2024T14:29:14 - [TEST_STEP][PASSED] - setText(findTestObject("Page_Wikipedia/input_Search"), SearchWikiWeb): Text 'Chris Hemsworth' is set on object 'Object Repository/Page_Wikipedia/input_Search'

17-07-2024T14:29:15 - [MESSAGE][PASSED] - Text 'Chris Hemsworth' is set on object 'Object Repository/Page_Wikipedia/input_Search'

17-07-2024T14:29:15 - [TEST_STEP][PASSED] - sendKeys(findTestObject("Page_Wikipedia/input_Search"), Keys.chord(ENTER)): Keys 'ENTER + ' sent to object: 'Object Repository/Page_Wikipedia/input_Search'

17-07-2024T14:29:17 - [MESSAGE][PASSED] - Keys 'ENTER + ' sent to object: 'Object Repository/Page_Wikipedia/input_Search'

17-07-2024T14:29:17 - [TEST_STEP][PASSED] - delay(5, STOP_ON_FAILURE): Delayed 5 second(s)

17-07-2024T14:29:22 - [MESSAGE][PASSED] - Delayed 5 second(s)

17-07-2024T14:29:22 - [TEST_STEP][PASSED] - takeScreenshotAsCheckpoint("Second Page Wikipedia"): Taking screenshot successfully

17-07-2024T14:29:22 - [MESSAGE][INFO] - 0 hidden object(s)

17-07-2024T14:29:22 - [MESSAGE][PASSED] - Taking screenshot successfully
[[ATTACHMENT|keyes\keyes-Second Page Wikipedia.png]]

17-07-2024T14:29:22 - [TEST_STEP][PASSED] - closeBrowser(): Browser is closed

17-07-2024T14:29:23 - [MESSAGE][PASSED] - Browser is closed]]></system-out>
         <system-err><![CDATA[]]></system-err>
      </testcase>
      <system-out><![CDATA[17-07-2024T14:29:06 - [TEST_SUITE][PASSED] - TS02: Test Cases/WebTest/TC02]]></system-out>
      <system-err><![CDATA[]]></system-err>
   </testsuite>
</testsuites>
