<?xml version="1.0" encoding="UTF-8"?>
<testsuites name="TS01" time="15.29" tests="1" failures="0" errors="0">
   <testsuite name="TS01" tests="1" failures="0" errors="0" time="15.29" skipped="0" timestamp="17-07-2024T17:25:22" hostname="1331 - LAPTOP-LAHGLE5C" id="Test Suites/WEBTEST/TS01">
      <properties>
         <property name="deviceName" value=""/>
         <property name="devicePlatform"/>
         <property name="logFolder" value="C:\\Users\\1331\\GIT\\Kuy-Katalon-V2\\Reports\\20240717_172352\\WEBTEST\\TS01\\20240717_172408"/>
         <property name="logFiles" value="C:\\Users\\1331\\GIT\\Kuy-Katalon-V2\\Reports\\20240717_172352\\WEBTEST\\TS01\\20240717_172408\\execution0.log"/>
         <property name="attachments" value="keyes\keyes-First Page Wikipedia.png, keyes\keyes-Second Page Wikipedia.png"/>
         <property name="hostName" value="1331 - LAPTOP-LAHGLE5C"/>
         <property name="os" value="Windows 11 64bit"/>
         <property name="katalonVersion" value="9.5.0.217"/>
         <property name="browser" value="Chrome 126.0.0.0"/>
         <property name="hostAddress" value="192.168.56.2"/>
         <property name="sessionId" value="4c3357f0c4ac91936f0dd2eabcc99e8d"/>
         <property name="seleniumVersion" value="3.141.59"/>
         <property name="proxyInformation" value="ProxyInformation { proxyOption=NO_PROXY, proxyServerType=HTTP, username=, password=********, proxyServerAddress=, proxyServerPort=0, executionList=&quot;&quot;, isApplyToDesiredCapabilities=true }"/>
         <property name="platform" value="Windows 11"/>
      </properties>
      <testcase name="Test Cases/WebTest/TC01" time="15.069" classname="Test Cases/WebTest/TC01" status="PASSED">
         <system-out><![CDATA[17-07-2024T17:25:22 - [TEST_CASE][PASSED] - Test Cases/WebTest/TC01: Test Cases/WebTest/TC01

17-07-2024T17:25:22 - [TEST_STEP][PASSED] - openBrowser("www.wikipedia.org"): Browser is opened with url: 'www.wikipedia.org'

17-07-2024T17:25:23 - [MESSAGE][INFO] - Starting 'Chrome' driver

17-07-2024T17:25:23 - [MESSAGE][INFO] - Action delay is set to 0 milliseconds

17-07-2024T17:25:26 - [MESSAGE][PASSED] - Browser is opened with url: 'www.wikipedia.org'

17-07-2024T17:25:26 - [TEST_STEP][PASSED] - maximizeWindow(): Current window maximized

17-07-2024T17:25:26 - [MESSAGE][PASSED] - Current window maximized

17-07-2024T17:25:26 - [TEST_STEP][PASSED] - click(findTestObject("Page_Wikipedia/button_English")): Object: 'Object Repository/Page_Wikipedia/button_English' is clicked on

17-07-2024T17:25:27 - [MESSAGE][PASSED] - Object: 'Object Repository/Page_Wikipedia/button_English' is clicked on

17-07-2024T17:25:27 - [TEST_STEP][PASSED] - waitForElementPresent(findTestObject("Page_Wikipedia/icon_Search"), 0): Object 'Object Repository/Page_Wikipedia/icon_Search' is present

17-07-2024T17:25:27 - [MESSAGE][WARNING] - Timeout '0' is invalid. Using default page load timeout: '30'

17-07-2024T17:25:28 - [MESSAGE][PASSED] - Object 'Object Repository/Page_Wikipedia/icon_Search' is present

17-07-2024T17:25:28 - [TEST_STEP][PASSED] - delay(0): Delayed 0 second(s)

17-07-2024T17:25:28 - [MESSAGE][PASSED] - Delayed 0 second(s)

17-07-2024T17:25:28 - [TEST_STEP][PASSED] - takeScreenshotAsCheckpoint("First Page Wikipedia"): Taking screenshot successfully

17-07-2024T17:25:29 - [MESSAGE][INFO] - 0 hidden object(s)

17-07-2024T17:25:29 - [MESSAGE][PASSED] - Taking screenshot successfully
[[ATTACHMENT|keyes\keyes-First Page Wikipedia.png]]

17-07-2024T17:25:29 - [TEST_STEP][PASSED] - setText(findTestObject("Page_Wikipedia/input_Search"), SearchWikiWeb): Text 'Robert Downey Jr.' is set on object 'Object Repository/Page_Wikipedia/input_Search'

17-07-2024T17:25:29 - [MESSAGE][PASSED] - Text 'Robert Downey Jr.' is set on object 'Object Repository/Page_Wikipedia/input_Search'

17-07-2024T17:25:29 - [TEST_STEP][PASSED] - sendKeys(findTestObject("Page_Wikipedia/input_Search"), Keys.chord(ENTER)): Keys 'ENTER + ' sent to object: 'Object Repository/Page_Wikipedia/input_Search'

17-07-2024T17:25:31 - [MESSAGE][PASSED] - Keys 'ENTER + ' sent to object: 'Object Repository/Page_Wikipedia/input_Search'

17-07-2024T17:25:31 - [TEST_STEP][PASSED] - delay(5, STOP_ON_FAILURE): Delayed 5 second(s)

17-07-2024T17:25:36 - [MESSAGE][PASSED] - Delayed 5 second(s)

17-07-2024T17:25:36 - [TEST_STEP][PASSED] - takeScreenshotAsCheckpoint("Second Page Wikipedia"): Taking screenshot successfully

17-07-2024T17:25:37 - [MESSAGE][INFO] - 0 hidden object(s)

17-07-2024T17:25:37 - [MESSAGE][PASSED] - Taking screenshot successfully
[[ATTACHMENT|keyes\keyes-Second Page Wikipedia.png]]

17-07-2024T17:25:37 - [TEST_STEP][PASSED] - closeBrowser(): Browser is closed

17-07-2024T17:25:37 - [MESSAGE][PASSED] - Browser is closed]]></system-out>
         <system-err><![CDATA[]]></system-err>
      </testcase>
      <system-out><![CDATA[17-07-2024T17:25:22 - [TEST_SUITE][PASSED] - TS01: Test Cases/WebTest/TC01]]></system-out>
      <system-err><![CDATA[]]></system-err>
   </testsuite>
</testsuites>
