<?xml version="1.0" encoding="UTF-8"?>
<testsuites name="TSC1-WebSimple" time="64.246" tests="2" failures="0" errors="0">
   <testsuite name="TS01" tests="1" failures="0" errors="0" time="15.933" skipped="0" timestamp="17-07-2024T14:33:39" hostname="1331 - LAPTOP-LAHGLE5C" id="Test Suites/WEBTEST/TS01">
      <properties>
         <property name="deviceName" value=""/>
         <property name="devicePlatform"/>
         <property name="logFolder" value="C:\\Users\\1331\\GIT\\Kuy-Katalon-V2\\Reports\\20240717_143207\\WEBTEST\\TS01\\20240717_143224"/>
         <property name="logFiles" value="C:\\Users\\1331\\GIT\\Kuy-Katalon-V2\\Reports\\20240717_143207\\WEBTEST\\TS01\\20240717_143224\\execution0.log"/>
         <property name="attachments" value="keyes\keyes-First Page Wikipedia.png, keyes\keyes-Second Page Wikipedia.png"/>
         <property name="hostName" value="1331 - LAPTOP-LAHGLE5C"/>
         <property name="os" value="Windows 11 64bit"/>
         <property name="katalonVersion" value="9.5.0.217"/>
         <property name="browser" value="Chrome 126.0.0.0"/>
         <property name="hostAddress" value="192.168.56.2"/>
         <property name="sessionId" value="67c09dea891fb823602f4f9b6f1f7c1a"/>
         <property name="seleniumVersion" value="3.141.59"/>
         <property name="proxyInformation" value="ProxyInformation { proxyOption=NO_PROXY, proxyServerType=HTTP, username=, password=********, proxyServerAddress=, proxyServerPort=0, executionList=&quot;&quot;, isApplyToDesiredCapabilities=true }"/>
         <property name="platform" value="Windows 11"/>
      </properties>
      <testcase name="Test Cases/WebTest/TC01" time="15.725" classname="Test Cases/WebTest/TC01" status="PASSED">
         <system-out><![CDATA[17-07-2024T14:33:39 - [TEST_CASE][PASSED] - Test Cases/WebTest/TC01: Test Cases/WebTest/TC01

17-07-2024T14:33:39 - [TEST_STEP][PASSED] - openBrowser("www.wikipedia.org"): Browser is opened with url: 'www.wikipedia.org'

17-07-2024T14:33:40 - [MESSAGE][INFO] - Starting 'Chrome' driver

17-07-2024T14:33:40 - [MESSAGE][INFO] - Action delay is set to 0 milliseconds

17-07-2024T14:33:43 - [MESSAGE][PASSED] - Browser is opened with url: 'www.wikipedia.org'

17-07-2024T14:33:43 - [TEST_STEP][PASSED] - maximizeWindow(): Current window maximized

17-07-2024T14:33:43 - [MESSAGE][PASSED] - Current window maximized

17-07-2024T14:33:43 - [TEST_STEP][PASSED] - click(findTestObject("Page_Wikipedia/button_English")): Object: 'Object Repository/Page_Wikipedia/button_English' is clicked on

17-07-2024T14:33:45 - [MESSAGE][PASSED] - Object: 'Object Repository/Page_Wikipedia/button_English' is clicked on

17-07-2024T14:33:45 - [TEST_STEP][PASSED] - waitForElementPresent(findTestObject("Page_Wikipedia/icon_Search"), 0): Object 'Object Repository/Page_Wikipedia/icon_Search' is present

17-07-2024T14:33:45 - [MESSAGE][WARNING] - Timeout '0' is invalid. Using default page load timeout: '30'

17-07-2024T14:33:45 - [MESSAGE][PASSED] - Object 'Object Repository/Page_Wikipedia/icon_Search' is present

17-07-2024T14:33:45 - [TEST_STEP][PASSED] - delay(0): Delayed 0 second(s)

17-07-2024T14:33:45 - [MESSAGE][PASSED] - Delayed 0 second(s)

17-07-2024T14:33:45 - [TEST_STEP][PASSED] - takeScreenshotAsCheckpoint("First Page Wikipedia"): Taking screenshot successfully

17-07-2024T14:33:46 - [MESSAGE][INFO] - 0 hidden object(s)

17-07-2024T14:33:46 - [MESSAGE][PASSED] - Taking screenshot successfully
[[ATTACHMENT|keyes\keyes-First Page Wikipedia.png]]

17-07-2024T14:33:46 - [TEST_STEP][PASSED] - setText(findTestObject("Page_Wikipedia/input_Search"), SearchWikiWeb): Text 'Robert Downey Jr.' is set on object 'Object Repository/Page_Wikipedia/input_Search'

17-07-2024T14:33:47 - [MESSAGE][PASSED] - Text 'Robert Downey Jr.' is set on object 'Object Repository/Page_Wikipedia/input_Search'

17-07-2024T14:33:47 - [TEST_STEP][PASSED] - sendKeys(findTestObject("Page_Wikipedia/input_Search"), Keys.chord(ENTER)): Keys 'ENTER + ' sent to object: 'Object Repository/Page_Wikipedia/input_Search'

17-07-2024T14:33:49 - [MESSAGE][PASSED] - Keys 'ENTER + ' sent to object: 'Object Repository/Page_Wikipedia/input_Search'

17-07-2024T14:33:49 - [TEST_STEP][PASSED] - delay(5, STOP_ON_FAILURE): Delayed 5 second(s)

17-07-2024T14:33:54 - [MESSAGE][PASSED] - Delayed 5 second(s)

17-07-2024T14:33:54 - [TEST_STEP][PASSED] - takeScreenshotAsCheckpoint("Second Page Wikipedia"): Taking screenshot successfully

17-07-2024T14:33:54 - [MESSAGE][INFO] - 0 hidden object(s)

17-07-2024T14:33:54 - [MESSAGE][PASSED] - Taking screenshot successfully
[[ATTACHMENT|keyes\keyes-Second Page Wikipedia.png]]

17-07-2024T14:33:54 - [TEST_STEP][PASSED] - closeBrowser(): Browser is closed

17-07-2024T14:33:55 - [MESSAGE][PASSED] - Browser is closed]]></system-out>
         <system-err><![CDATA[]]></system-err>
      </testcase>
      <system-out><![CDATA[17-07-2024T14:33:39 - [TEST_SUITE][PASSED] - TS01: Test Cases/WebTest/TC01]]></system-out>
      <system-err><![CDATA[]]></system-err>
   </testsuite>
   <testsuite name="TS02" tests="1" failures="0" errors="0" time="15.765" skipped="0" timestamp="17-07-2024T14:34:11" hostname="1331 - LAPTOP-LAHGLE5C" id="Test Suites/WEBTEST/TS02">
      <properties>
         <property name="deviceName" value=""/>
         <property name="devicePlatform"/>
         <property name="logFolder" value="C:\\Users\\1331\\GIT\\Kuy-Katalon-V2\\Reports\\20240717_143207\\WEBTEST\\TS02\\20240717_143257"/>
         <property name="logFiles" value="C:\\Users\\1331\\GIT\\Kuy-Katalon-V2\\Reports\\20240717_143207\\WEBTEST\\TS02\\20240717_143257\\execution0.log"/>
         <property name="attachments" value="keyes\keyes-First Page Wikipedia.png, keyes\keyes-Second Page Wikipedia.png"/>
         <property name="hostName" value="1331 - LAPTOP-LAHGLE5C"/>
         <property name="os" value="Windows 11 64bit"/>
         <property name="katalonVersion" value="9.5.0.217"/>
         <property name="browser" value="Chrome 126.0.0.0"/>
         <property name="hostAddress" value="192.168.56.2"/>
         <property name="sessionId" value="4ac5bfb49c4e910267e30ced0c2f196f"/>
         <property name="seleniumVersion" value="3.141.59"/>
         <property name="proxyInformation" value="ProxyInformation { proxyOption=NO_PROXY, proxyServerType=HTTP, username=, password=********, proxyServerAddress=, proxyServerPort=0, executionList=&quot;&quot;, isApplyToDesiredCapabilities=true }"/>
         <property name="platform" value="Windows 11"/>
      </properties>
      <testcase name="Test Cases/WebTest/TC02" time="15.546" classname="Test Cases/WebTest/TC02" status="PASSED">
         <system-out><![CDATA[17-07-2024T14:34:12 - [TEST_CASE][PASSED] - Test Cases/WebTest/TC02: Test Cases/WebTest/TC02

17-07-2024T14:34:12 - [TEST_STEP][PASSED] - openBrowser("www.wikipedia.org"): Browser is opened with url: 'www.wikipedia.org'

17-07-2024T14:34:13 - [MESSAGE][INFO] - Starting 'Chrome' driver

17-07-2024T14:34:13 - [MESSAGE][INFO] - Action delay is set to 0 milliseconds

17-07-2024T14:34:16 - [MESSAGE][PASSED] - Browser is opened with url: 'www.wikipedia.org'

17-07-2024T14:34:16 - [TEST_STEP][PASSED] - maximizeWindow(): Current window maximized

17-07-2024T14:34:16 - [MESSAGE][PASSED] - Current window maximized

17-07-2024T14:34:16 - [TEST_STEP][PASSED] - click(findTestObject("Page_Wikipedia/button_English")): Object: 'Object Repository/Page_Wikipedia/button_English' is clicked on

17-07-2024T14:34:17 - [MESSAGE][PASSED] - Object: 'Object Repository/Page_Wikipedia/button_English' is clicked on

17-07-2024T14:34:17 - [TEST_STEP][PASSED] - waitForElementPresent(findTestObject("Page_Wikipedia/icon_Search"), 0): Object 'Object Repository/Page_Wikipedia/icon_Search' is present

17-07-2024T14:34:17 - [MESSAGE][WARNING] - Timeout '0' is invalid. Using default page load timeout: '30'

17-07-2024T14:34:18 - [MESSAGE][PASSED] - Object 'Object Repository/Page_Wikipedia/icon_Search' is present

17-07-2024T14:34:18 - [TEST_STEP][PASSED] - delay(0): Delayed 0 second(s)

17-07-2024T14:34:18 - [MESSAGE][PASSED] - Delayed 0 second(s)

17-07-2024T14:34:18 - [TEST_STEP][PASSED] - takeScreenshotAsCheckpoint("First Page Wikipedia"): Taking screenshot successfully

17-07-2024T14:34:19 - [MESSAGE][INFO] - 0 hidden object(s)

17-07-2024T14:34:19 - [MESSAGE][PASSED] - Taking screenshot successfully
[[ATTACHMENT|keyes\keyes-First Page Wikipedia.png]]

17-07-2024T14:34:19 - [TEST_STEP][PASSED] - setText(findTestObject("Page_Wikipedia/input_Search"), SearchWikiWeb): Text 'Chris Hemsworth' is set on object 'Object Repository/Page_Wikipedia/input_Search'

17-07-2024T14:34:19 - [MESSAGE][PASSED] - Text 'Chris Hemsworth' is set on object 'Object Repository/Page_Wikipedia/input_Search'

17-07-2024T14:34:19 - [TEST_STEP][PASSED] - sendKeys(findTestObject("Page_Wikipedia/input_Search"), Keys.chord(ENTER)): Keys 'ENTER + ' sent to object: 'Object Repository/Page_Wikipedia/input_Search'

17-07-2024T14:34:21 - [MESSAGE][PASSED] - Keys 'ENTER + ' sent to object: 'Object Repository/Page_Wikipedia/input_Search'

17-07-2024T14:34:21 - [TEST_STEP][PASSED] - delay(5, STOP_ON_FAILURE): Delayed 5 second(s)

17-07-2024T14:34:26 - [MESSAGE][PASSED] - Delayed 5 second(s)

17-07-2024T14:34:26 - [TEST_STEP][PASSED] - takeScreenshotAsCheckpoint("Second Page Wikipedia"): Taking screenshot successfully

17-07-2024T14:34:27 - [MESSAGE][INFO] - 0 hidden object(s)

17-07-2024T14:34:27 - [MESSAGE][PASSED] - Taking screenshot successfully
[[ATTACHMENT|keyes\keyes-Second Page Wikipedia.png]]

17-07-2024T14:34:27 - [TEST_STEP][PASSED] - closeBrowser(): Browser is closed

17-07-2024T14:34:27 - [MESSAGE][PASSED] - Browser is closed]]></system-out>
         <system-err><![CDATA[]]></system-err>
      </testcase>
      <system-out><![CDATA[17-07-2024T14:34:11 - [TEST_SUITE][PASSED] - TS02: Test Cases/WebTest/TC02]]></system-out>
      <system-err><![CDATA[]]></system-err>
   </testsuite>
</testsuites>
