<?xml version="1.0" encoding="UTF-8"?>
<testsuites name="TS10" time="46.043" tests="1" failures="0" errors="0">
   <testsuite name="TS10" tests="1" failures="0" errors="0" time="46.043" skipped="0" timestamp="24-07-2024T11:57:03" hostname="1331 - LAPTOP-LAHGLE5C" id="Test Suites/WEBTEST/TS10">
      <properties>
         <property name="deviceName"/>
         <property name="devicePlatform" value="WINDOWS"/>
         <property name="logFolder" value="C:\\Users\\1331\\GIT\\Kuy-Katalon-V2\\Reports\\20240724_115656\\WEBTEST\\TS10\\20240724_115656"/>
         <property name="logFiles" value="C:\\Users\\1331\\GIT\\Kuy-Katalon-V2\\Reports\\20240724_115656\\WEBTEST\\TS10\\20240724_115656\\execution0.log"/>
         <property name="attachments" value="keyes\keyes-First Page Wikipedia.png, keyes\keyes-Second Page Wikipedia.png"/>
         <property name="hostName" value="1331 - LAPTOP-LAHGLE5C"/>
         <property name="remoteDriverUrl" value="testcloud.katalon.com/hub"/>
         <property name="desiredCapabilities" value="{&#xa;  &quot;timeouts&quot;: {&#xa;    &quot;implicit&quot;: 0,&#xa;    &quot;pageLoad&quot;: 300000,&#xa;    &quot;script&quot;: 30000&#xa;  },&#xa;  &quot;se:cdpEnabled&quot;: false,&#xa;  &quot;platform&quot;: &quot;WINDOWS&quot;,&#xa;  &quot;goog:chromeOptions&quot;: {&#xa;    &quot;debuggerAddress&quot;: &quot;localhost:9225&quot;&#xa;  },&#xa;  &quot;webauthn:extension:credBlob&quot;: true,&#xa;  &quot;acceptInsecureCerts&quot;: false,&#xa;  &quot;browserVersion&quot;: &quot;125.0.0.0&quot;,&#xa;  &quot;fedcm:accounts&quot;: true,&#xa;  &quot;kt:requestId&quot;: &quot;1efed86e-b203-4d6b-af3a-a4a8a64c5732&quot;,&#xa;  &quot;browserName&quot;: &quot;chrome&quot;,&#xa;  &quot;javascriptEnabled&quot;: true,&#xa;  &quot;katalon:option&quot;: {&#xa;    &quot;userId&quot;: 1544735,&#xa;    &quot;organizationId&quot;: &quot;1577787&quot;,&#xa;    &quot;runFromTestCloud&quot;: true,&#xa;    &quot;usingTunnel&quot;: false&#xa;  },&#xa;  &quot;platformName&quot;: &quot;WINDOWS&quot;,&#xa;  &quot;setWindowRect&quot;: true,&#xa;  &quot;webauthn:extension:largeBlob&quot;: true,&#xa;  &quot;networkConnectionEnabled&quot;: false,&#xa;  &quot;chrome&quot;: {&#xa;    &quot;chromedriverVersion&quot;: &quot;125.0.6422.76 (67dcf7562b8fb4ab0819135589e37a97bcc8942c-refs/branch-heads/6422@{#1086})&quot;,&#xa;    &quot;userDataDir&quot;: &quot;C:\\Program Files\\scoped_dir4484_251429157&quot;&#xa;  },&#xa;  &quot;kt:rid&quot;: &quot;1efed86e-b203-4d6b-af3a-a4a8a64c5732&quot;,&#xa;  &quot;pageLoadStrategy&quot;: &quot;normal&quot;,&#xa;  &quot;unhandledPromptBehavior&quot;: &quot;dismiss and notify&quot;,&#xa;  &quot;strictFileInteractability&quot;: false,&#xa;  &quot;***:loadExtension&quot;: [&#xa;    &quot;https://prod-magicleap-user-files-us-east-1-v1.s3.amazonaws.com/extensions/orgId-691279/SmartWait.zip&quot;&#xa;  ],&#xa;  &quot;se:bidiEnabled&quot;: false,&#xa;  &quot;proxy&quot;: {&#xa;    &quot;proxyType&quot;: &quot;UNSPECIFIED&quot;,&#xa;    &quot;autodetect&quot;: false&#xa;  },&#xa;  &quot;webauthn:extension:minPinLength&quot;: true,&#xa;  &quot;webauthn:extension:prf&quot;: true,&#xa;  &quot;webauthn:virtualAuthenticators&quot;: true&#xa;}"/>
         <property name="os" value="Windows 11 64bit"/>
         <property name="remoteOS" value="Windows"/>
         <property name="katalonVersion" value="9.5.0.217"/>
         <property name="browser" value="Chrome 125.0.0.0"/>
         <property name="hostAddress" value="10.2.0.2"/>
         <property name="sessionId" value="15c369d968fc630dcac161d52080645b"/>
         <property name="seleniumVersion" value="3.141.59"/>
         <property name="proxyInformation" value="ProxyInformation { proxyOption=NO_PROXY, proxyServerType=HTTP, username=, password=********, proxyServerAddress=, proxyServerPort=0, executionList=&quot;&quot;, isApplyToDesiredCapabilities=true }"/>
         <property name="platform" value="Windows 11"/>
      </properties>
      <testcase name="Test Cases/WebTest/TC10" time="45.896" classname="Test Cases/WebTest/TC10" status="PASSED">
         <system-out><![CDATA[24-07-2024T11:57:03 - [TEST_CASE][PASSED] - Test Cases/WebTest/TC10: Test Cases/WebTest/TC10

24-07-2024T11:57:03 - [TEST_STEP][PASSED] - openBrowser("www.wikipedia.org"): Browser is opened with url: 'www.wikipedia.org'

24-07-2024T11:57:04 - [MESSAGE][INFO] - User set preference: ['os', 'windows']

24-07-2024T11:57:04 - [MESSAGE][INFO] - User set preference: ['browserVersion', '125']

24-07-2024T11:57:04 - [MESSAGE][INFO] - User set preference: ['browserName', 'chrome']

24-07-2024T11:57:04 - [MESSAGE][INFO] - User set preference: ['katalon:option', '{organizationId=1577787, usingTunnel=false}']

24-07-2024T11:57:04 - [MESSAGE][INFO] - Connecting to remote web server 'testcloud.katalon.com/hub' with type 'Selenium'

24-07-2024T11:57:04 - [MESSAGE][INFO] - Action delay is set to 0 milliseconds

24-07-2024T11:57:26 - [MESSAGE][PASSED] - Browser is opened with url: 'www.wikipedia.org'

24-07-2024T11:57:26 - [TEST_STEP][PASSED] - maximizeWindow(): Current window maximized

24-07-2024T11:57:26 - [MESSAGE][PASSED] - Current window maximized

24-07-2024T11:57:26 - [TEST_STEP][PASSED] - click(findTestObject("Page_Wikipedia/button_English")): Object: 'Object Repository/Page_Wikipedia/button_English' is clicked on

24-07-2024T11:57:28 - [MESSAGE][PASSED] - Object: 'Object Repository/Page_Wikipedia/button_English' is clicked on

24-07-2024T11:57:28 - [TEST_STEP][PASSED] - waitForElementPresent(findTestObject("Page_Wikipedia/icon_Search"), 0): Object 'Object Repository/Page_Wikipedia/icon_Search' is present

24-07-2024T11:57:28 - [MESSAGE][WARNING] - Timeout '0' is invalid. Using default page load timeout: '30'

24-07-2024T11:57:30 - [MESSAGE][PASSED] - Object 'Object Repository/Page_Wikipedia/icon_Search' is present

24-07-2024T11:57:30 - [TEST_STEP][PASSED] - delay(0): Delayed 0 second(s)

24-07-2024T11:57:30 - [MESSAGE][PASSED] - Delayed 0 second(s)

24-07-2024T11:57:30 - [TEST_STEP][PASSED] - takeScreenshotAsCheckpoint("First Page Wikipedia"): Taking screenshot successfully

24-07-2024T11:57:34 - [MESSAGE][INFO] - 0 hidden object(s)

24-07-2024T11:57:34 - [MESSAGE][PASSED] - Taking screenshot successfully
[[ATTACHMENT|keyes\keyes-First Page Wikipedia.png]]

24-07-2024T11:57:34 - [TEST_STEP][PASSED] - setText(findTestObject("Page_Wikipedia/input_Search"), "Tom Holland"): Text 'Tom Holland' is set on object 'Object Repository/Page_Wikipedia/input_Search'

24-07-2024T11:57:37 - [MESSAGE][PASSED] - Text 'Tom Holland' is set on object 'Object Repository/Page_Wikipedia/input_Search'

24-07-2024T11:57:37 - [TEST_STEP][PASSED] - sendKeys(findTestObject("Page_Wikipedia/input_Search"), Keys.chord(ENTER)): Keys 'ENTER + ' sent to object: 'Object Repository/Page_Wikipedia/input_Search'

24-07-2024T11:57:39 - [MESSAGE][PASSED] - Keys 'ENTER + ' sent to object: 'Object Repository/Page_Wikipedia/input_Search'

24-07-2024T11:57:39 - [TEST_STEP][PASSED] - delay(5, STOP_ON_FAILURE): Delayed 5 second(s)

24-07-2024T11:57:44 - [MESSAGE][PASSED] - Delayed 5 second(s)

24-07-2024T11:57:44 - [TEST_STEP][PASSED] - takeScreenshotAsCheckpoint("Second Page Wikipedia"): Taking screenshot successfully

24-07-2024T11:57:48 - [MESSAGE][INFO] - 0 hidden object(s)

24-07-2024T11:57:48 - [MESSAGE][PASSED] - Taking screenshot successfully
[[ATTACHMENT|keyes\keyes-Second Page Wikipedia.png]]

24-07-2024T11:57:48 - [TEST_STEP][PASSED] - closeBrowser(): Browser is closed

24-07-2024T11:57:49 - [MESSAGE][PASSED] - Browser is closed]]></system-out>
         <system-err><![CDATA[]]></system-err>
      </testcase>
      <system-out><![CDATA[24-07-2024T11:57:03 - [TEST_SUITE][PASSED] - TS10: Test Cases/WebTest/TC10]]></system-out>
      <system-err><![CDATA[]]></system-err>
   </testsuite>
</testsuites>
